Arguments: 
  C:\Program Files\nodejs\node.exe C:\Users\emil2\AppData\Roaming\npm\node_modules\yarn\bin\yarn.js add v1.22.19

PATH: 
  C:\Program Files (x86)\Common Files\Intel\Shared Libraries\redist\intel64\compiler;A:\Program Files\NVIDIA GPU Computing Toolkit\CUDA\v12.4\bin;A:\Program Files\NVIDIA GPU Computing Toolkit\CUDA\v12.4\libnvvp;;C:\Program Files\Microsoft\jdk-11.0.20.8-hotspot\bin;C:\Program Files\Common Files\Oracle\Java\javapath;C:\Windows\system32;C:\Windows;C:\Windows\System32\Wbem;C:\Windows\System32\WindowsPowerShell\v1.0\;C:\Windows\System32\OpenSSH\;C:\Program Files (x86)\NVIDIA Corporation\PhysX\Common;C:\Program Files\Git\cmd;C:\Program Files (x86)\NoteBook FanControl\;C:\Program Files\dotnet\;C:\Program Files\MySQL\MySQL Server 8.0\bin;C:\Windows\System32\chcp;C:\ProgramData\chocolatey\bin;A:\Program Files\GitHub CLI\;C:\Users\emil2\AppData\Roaming\nvm;C:\Program Files\nodejs;C:\Program Files\nodejs\;C:\Program Files\NVIDIA Corporation\Nsight Compute 2024.1.0\;C:\Program Files (x86)\StatSoft\STATISTICA 10\;C:\Program Files\WireGuard\;C:\Program Files\NVIDIA Corporation\NVIDIA app\NvDLISR;C:\Program Files\AmneziaWG\;c:\Users\emil2\AppData\Local\Programs\cursor\resources\app\bin;C:\Program Files\Docker\Docker\resources\bin;C:\Program Files\cursor\resources\app\bin;C:\Users\emil2\AppData\Local\Programs\Python\Python311\Scripts\;C:\Users\emil2\AppData\Local\Programs\Python\Python311\;C:\Program Files\MySQL\MySQL Shell 8.0\bin\;C:\Users\emil2\AppData\Local\Microsoft\WindowsApps;C:\Users\emil2\AppData\Local\Programs\Microsoft VS Code\bin;A:\modeltech64_10.7\win64;C:\Program Files\JetBrains\WebStorm 2024.3.5\bin;;C:\Users\emil2\AppData\Local\GitHubDesktop\bin;C:\Users\emil2\AppData\Roaming\nvm;C:\Program Files\nodejs;C:\Users\emil2\AppData\Roaming\npm;A:\Users\emil2\AppData\Local\Programs\cursor\resources\app\bin

Yarn version: 
  1.22.19

Node version: 
  22.13.0

Platform: 
  win32 x64

Trace: 
  Error: https://registry.yarnpkg.com/v1.22.19: Not found
      at params.callback [as _callback] (C:\Users\emil2\AppData\Roaming\npm\node_modules\yarn\lib\cli.js:66145:18)
      at self.callback (C:\Users\emil2\AppData\Roaming\npm\node_modules\yarn\lib\cli.js:140890:22)
      at Request.emit (node:events:524:28)
      at Request.<anonymous> (C:\Users\emil2\AppData\Roaming\npm\node_modules\yarn\lib\cli.js:141862:10)
      at Request.emit (node:events:524:28)
      at IncomingMessage.<anonymous> (C:\Users\emil2\AppData\Roaming\npm\node_modules\yarn\lib\cli.js:141784:12)
      at Object.onceWrapper (node:events:638:28)
      at IncomingMessage.emit (node:events:536:35)
      at endReadableNT (node:internal/streams/readable:1698:12)
      at process.processTicksAndRejections (node:internal/process/task_queues:90:21)

npm manifest: 
  No manifest

yarn manifest: 
  No manifest

Lockfile: 
  No lockfile
